Compiling the C compiler identification source file "CMakeCCompilerId.c" failed.
Compiler: /usr/bin/cc 
Build flags: 
Id flags:  

The output was:
1
/usr/bin/x86_64-linux-gnu-ld: cannot find Scrt1.o: No such file or directory
/usr/bin/x86_64-linux-gnu-ld: cannot find crti.o: No such file or directory
collect2: error: ld returned 1 exit status


Determining if the C compiler works failed with the following output:
Change Dir: /mnt/1C3035D93035BB1A/C/projects/PDZone/cmake-build-debug/CMakeFiles/CMakeTmp

Run Build Command:"/usr/bin/make" "cmTC_5e23d/fast"
/usr/bin/make -f CMakeFiles/cmTC_5e23d.dir/build.make CMakeFiles/cmTC_5e23d.dir/build
make[1]: Entering directory '/mnt/1C3035D93035BB1A/C/projects/PDZone/cmake-build-debug/CMakeFiles/CMakeTmp'
Building C object CMakeFiles/cmTC_5e23d.dir/testCCompiler.c.o
/usr/bin/cc    -o CMakeFiles/cmTC_5e23d.dir/testCCompiler.c.o   -c /mnt/1C3035D93035BB1A/C/projects/PDZone/cmake-build-debug/CMakeFiles/CMakeTmp/testCCompiler.c
Linking C executable cmTC_5e23d
/home/george/.local/share/JetBrains/Toolbox/apps/CLion/ch-0/182.4129.51/bin/cmake/linux/bin/cmake -E cmake_link_script CMakeFiles/cmTC_5e23d.dir/link.txt --verbose=1
/usr/bin/cc      CMakeFiles/cmTC_5e23d.dir/testCCompiler.c.o  -o cmTC_5e23d 
/usr/bin/x86_64-linux-gnu-ld: cannot find Scrt1.o: No such file or directory
/usr/bin/x86_64-linux-gnu-ld: cannot find crti.o: No such file or directory
collect2: error: ld returned 1 exit status
CMakeFiles/cmTC_5e23d.dir/build.make:86: recipe for target 'cmTC_5e23d' failed
make[1]: *** [cmTC_5e23d] Error 1
make[1]: Leaving directory '/mnt/1C3035D93035BB1A/C/projects/PDZone/cmake-build-debug/CMakeFiles/CMakeTmp'
Makefile:121: recipe for target 'cmTC_5e23d/fast' failed
make: *** [cmTC_5e23d/fast] Error 2


Compiling the C compiler identification source file "CMakeCCompilerId.c" failed.
Compiler: /usr/bin/cc 
Build flags: 
Id flags:  

The output was:
1
/usr/bin/x86_64-linux-gnu-ld: cannot find Scrt1.o: No such file or directory
/usr/bin/x86_64-linux-gnu-ld: cannot find crti.o: No such file or directory
collect2: error: ld returned 1 exit status


Determining if the C compiler works failed with the following output:
Change Dir: /mnt/1C3035D93035BB1A/C/projects/PDZone/cmake-build-debug/CMakeFiles/CMakeTmp

Run Build Command:"/usr/bin/make" "cmTC_bb9bc/fast"
/usr/bin/make -f CMakeFiles/cmTC_bb9bc.dir/build.make CMakeFiles/cmTC_bb9bc.dir/build
make[1]: Entering directory '/mnt/1C3035D93035BB1A/C/projects/PDZone/cmake-build-debug/CMakeFiles/CMakeTmp'
Building C object CMakeFiles/cmTC_bb9bc.dir/testCCompiler.c.o
/usr/bin/cc    -o CMakeFiles/cmTC_bb9bc.dir/testCCompiler.c.o   -c /mnt/1C3035D93035BB1A/C/projects/PDZone/cmake-build-debug/CMakeFiles/CMakeTmp/testCCompiler.c
Linking C executable cmTC_bb9bc
/home/george/.local/share/JetBrains/Toolbox/apps/CLion/ch-0/182.4129.51/bin/cmake/linux/bin/cmake -E cmake_link_script CMakeFiles/cmTC_bb9bc.dir/link.txt --verbose=1
/usr/bin/cc      CMakeFiles/cmTC_bb9bc.dir/testCCompiler.c.o  -o cmTC_bb9bc 
/usr/bin/x86_64-linux-gnu-ld: cannot find Scrt1.o: No such file or directory
/usr/bin/x86_64-linux-gnu-ld: cannot find crti.o: No such file or directory
collect2: error: ld returned 1 exit status
CMakeFiles/cmTC_bb9bc.dir/build.make:86: recipe for target 'cmTC_bb9bc' failed
make[1]: *** [cmTC_bb9bc] Error 1
make[1]: Leaving directory '/mnt/1C3035D93035BB1A/C/projects/PDZone/cmake-build-debug/CMakeFiles/CMakeTmp'
Makefile:121: recipe for target 'cmTC_bb9bc/fast' failed
make: *** [cmTC_bb9bc/fast] Error 2


